canu/2.2 has the useGrid option default set to useGrid=false. This can be overriden by another configuration file or a command-line option.
-- canu snapshot v2.2 +0 changes (r10279 af9c6e709ff2d6473cf966702c420b9eb42d9078)
--
-- CITATIONS
--
-- For 'standard' assemblies of PacBio or Nanopore reads:
--   Koren S, Walenz BP, Berlin K, Miller JR, Phillippy AM.
--   Canu: scalable and accurate long-read assembly via adaptive k-mer weighting and repeat separation.
--   Genome Res. 2017 May;27(5):722-736.
--   http://doi.org/10.1101/gr.215087.116
-- 
-- Read and contig alignments during correction and consensus use:
--   Šošic M, Šikic M.
--   Edlib: a C/C ++ library for fast, exact sequence alignment using edit distance.
--   Bioinformatics. 2017 May 1;33(9):1394-1395.
--   http://doi.org/10.1093/bioinformatics/btw753
-- 
-- Overlaps are generated using:
--   Berlin K, et al.
--   Assembling large genomes with single-molecule sequencing and locality-sensitive hashing.
--   Nat Biotechnol. 2015 Jun;33(6):623-30.
--   http://doi.org/10.1038/nbt.3238
-- 
--   Myers EW, et al.
--   A Whole-Genome Assembly of Drosophila.
--   Science. 2000 Mar 24;287(5461):2196-204.
--   http://doi.org/10.1126/science.287.5461.2196
-- 
-- Corrected read consensus sequences are generated using an algorithm derived from FALCON-sense:
--   Chin CS, et al.
--   Phased diploid genome assembly with single-molecule real-time sequencing.
--   Nat Methods. 2016 Dec;13(12):1050-1054.
--   http://doi.org/10.1038/nmeth.4035
-- 
-- Contig consensus sequences are generated using an algorithm derived from pbdagcon:
--   Chin CS, et al.
--   Nonhybrid, finished microbial genome assemblies from long-read SMRT sequencing data.
--   Nat Methods. 2013 Jun;10(6):563-9
--   http://doi.org/10.1038/nmeth.2474
-- 
-- CONFIGURE CANU
--
-- Detected Java(TM) Runtime Environment '1.8.0_151' (from '/sw/comp/java/x86_64/sun_jdk1.8.0_151/bin/java') with -d64 support.
-- Detected gnuplot version '4.6 patchlevel 2   ' (from 'gnuplot') and image format 'png'.
--
-- Detected 4 CPUs and 32000 gigabytes of memory on the local machine.
--
-- Detected Slurm with 'sinfo' binary in /usr/bin/sinfo.
--          Slurm disabled by useGrid=false
--
-- Local machine mode enabled; grid support not detected or not allowed.
--
--                                (tag)Concurrency
--                         (tag)Threads          |
--                (tag)Memory         |          |
--        (tag)             |         |          |       total usage      algorithm
--        -------  ----------  --------   --------  --------------------  -----------------------------
-- Local: meryl     12.000 GB    4 CPUs x   1 job     12.000 GB   4 CPUs  (k-mer counting)
-- Local: hap        8.000 GB    4 CPUs x   1 job      8.000 GB   4 CPUs  (read-to-haplotype assignment)
-- Local: cormhap    6.000 GB    4 CPUs x   1 job      6.000 GB   4 CPUs  (overlap detection with mhap)
-- Local: obtovl     4.000 GB    4 CPUs x   1 job      4.000 GB   4 CPUs  (overlap detection)
-- Local: utgovl     4.000 GB    4 CPUs x   1 job      4.000 GB   4 CPUs  (overlap detection)
-- Local: cor        -.--- GB    4 CPUs x   - jobs     -.--- GB   - CPUs  (read correction)
-- Local: ovb        4.000 GB    1 CPU  x   4 jobs    16.000 GB   4 CPUs  (overlap store bucketizer)
-- Local: ovs        8.000 GB    1 CPU  x   4 jobs    32.000 GB   4 CPUs  (overlap store sorting)
-- Local: red       16.000 GB    4 CPUs x   1 job     16.000 GB   4 CPUs  (read error detection)
-- Local: oea        8.000 GB    1 CPU  x   4 jobs    32.000 GB   4 CPUs  (overlap error adjustment)
-- Local: bat       16.000 GB    4 CPUs x   1 job     16.000 GB   4 CPUs  (contig construction with bogart)
-- Local: cns        -.--- GB    4 CPUs x   - jobs     -.--- GB   - CPUs  (consensus)
--
-- Found untrimmed raw PacBio CLR reads in the input files.
--
-- Generating assembly 'canu_assmbly_durian' in '/domus/h1/andreber/GenAn_proj_durian/results/canu':
--   genomeSize:
--     30000000
--
--   Overlap Generation Limits:
--     corOvlErrorRate 0.2400 ( 24.00%)
--     obtOvlErrorRate 0.0450 (  4.50%)
--     utgOvlErrorRate 0.0450 (  4.50%)
--
--   Overlap Processing Limits:
--     corErrorRate    0.2500 ( 25.00%)
--     obtErrorRate    0.0450 (  4.50%)
--     utgErrorRate    0.0450 (  4.50%)
--     cnsErrorRate    0.0750 (  7.50%)
--
--   Stages to run:
--     correct raw reads.
--     trim corrected reads.
--     assemble corrected and trimmed reads.
--
--
-- BEGIN CORRECTION
----------------------------------------
-- Starting command on Fri Mar 31 11:02:34 2023 with 10986.307 GB free disk space

    cd .
    ./canu_assmbly_durian.seqStore.sh \
    > ./canu_assmbly_durian.seqStore.err 2>&1

-- Finished on Fri Mar 31 11:03:07 2023 (33 seconds) with 10985.415 GB free disk space
----------------------------------------
--
-- In sequence store './canu_assmbly_durian.seqStore':
--   Found 233852 reads.
--   Found 1761712202 bases (58.72 times coverage).
--    Histogram of raw reads:
--    
--    G=1761712202                       sum of  ||               length     num
--    NG         length     index       lengths  ||                range    seqs
--    ----- ------------ --------- ------------  ||  ------------------- -------
--    00010        17031      8654    176178533  ||       1000-1936        17877|-----------------------------------------------------------
--    00020        14043     20123    352354510  ||       1937-2873        18585|-------------------------------------------------------------
--    00030        12194     33625    528519280  ||       2874-3810        19330|---------------------------------------------------------------
--    00040        10811     48998    704685310  ||       3811-4747        19259|---------------------------------------------------------------
--    00050         9675     66237    880861919  ||       4748-5684        18569|-------------------------------------------------------------
--    00060         8581     85553   1057032673  ||       5685-6621        17832|-----------------------------------------------------------
--    00070         7402    107602   1233200011  ||       6622-7558        17736|----------------------------------------------------------
--    00080         6014    133858   1409373856  ||       7559-8495        17554|----------------------------------------------------------
--    00090         4289    168120   1585543046  ||       8496-9432        16758|-------------------------------------------------------
--    00100         1000    233851   1761712202  ||       9433-10369       15171|--------------------------------------------------
--    001.000x              233852   1761712202  ||      10370-11306       12418|-----------------------------------------
--                                               ||      11307-12243        9582|--------------------------------
--                                               ||      12244-13180        7519|-------------------------
--                                               ||      13181-14117        5955|--------------------
--                                               ||      14118-15054        4450|---------------
--                                               ||      15055-15991        3504|------------
--                                               ||      15992-16928        2837|----------
--                                               ||      16929-17865        2166|--------
--                                               ||      17866-18802        1644|------
--                                               ||      18803-19739        1278|-----
--                                               ||      19740-20676         981|----
--                                               ||      20677-21613         700|---
--                                               ||      21614-22550         518|--
--                                               ||      22551-23487         375|--
--                                               ||      23488-24424         306|-
--                                               ||      24425-25361         225|-
--                                               ||      25362-26298         165|-
--                                               ||      26299-27235         138|-
--                                               ||      27236-28172         110|-
--                                               ||      28173-29109          69|-
--                                               ||      29110-30046          71|-
--                                               ||      30047-30983          40|-
--                                               ||      30984-31920          40|-
--                                               ||      31921-32857          26|-
--                                               ||      32858-33794          16|-
--                                               ||      33795-34731          14|-
--                                               ||      34732-35668          12|-
--                                               ||      35669-36605           3|-
--                                               ||      36606-37542           6|-
--                                               ||      37543-38479           3|-
--                                               ||      38480-39416           4|-
--                                               ||      39417-40353           2|-
--                                               ||      40354-41290           0|
--                                               ||      41291-42227           0|
--                                               ||      42228-43164           2|-
--                                               ||      43165-44101           1|-
--                                               ||      44102-45038           0|
--                                               ||      45039-45975           0|
--                                               ||      45976-46912           0|
--                                               ||      46913-47849           1|-
--    
----------------------------------------
-- Starting command on Fri Mar 31 11:03:08 2023 with 10985.412 GB free disk space

    cd correction/0-mercounts
    ./meryl-configure.sh \
    > ./meryl-configure.err 2>&1

-- Finished on Fri Mar 31 11:03:09 2023 (one second) with 10985.412 GB free disk space
----------------------------------------
--  segments   memory batches
--  -------- -------- -------
--        01  3.81 GB       2
--        02  2.00 GB       2
--        04  1.13 GB       2
--        06  0.76 GB       2
--        08  0.57 GB       2
--        12  0.38 GB       2
--        16  0.29 GB       2
--
--  For 233852 reads with 1761712202 bases, limit to 17 batches.
--  Will count kmers using 01 jobs, each using 5 GB and 4 threads.
--
-- Finished stage 'merylConfigure', reset canuIteration.
--
-- Running jobs.  First attempt out of 2.
----------------------------------------
-- Starting 'meryl' concurrent execution on Fri Mar 31 11:03:09 2023 with 10985.412 GB free disk space (1 processes; 1 concurrently)

    cd correction/0-mercounts
    ./meryl-count.sh 1 > ./meryl-count.000001.out 2>&1

-- Finished on Fri Mar 31 11:07:40 2023 (271 seconds) with 10978.724 GB free disk space
----------------------------------------
-- Found 1 Kmer counting (meryl) outputs.
-- Finished stage 'cor-merylCountCheck', reset canuIteration.
--
-- Running jobs.  First attempt out of 2.
----------------------------------------
-- Starting 'meryl' concurrent execution on Fri Mar 31 11:07:40 2023 with 10978.724 GB free disk space (1 processes; 1 concurrently)

    cd correction/0-mercounts
    ./meryl-process.sh 1 > ./meryl-process.000001.out 2>&1

-- Finished on Fri Mar 31 11:08:21 2023 (41 seconds) with 10977.126 GB free disk space
----------------------------------------
-- Meryl finished successfully.  Kmer frequency histogram:
--
--  16-mers                                                                                           Fraction
--    Occurrences   NumMers                                                                         Unique Total
--       1-     1         0                                                                        0.0000 0.0000
--       2-     2 111976142 ********************************************************************** 0.4552 0.1613
--       3-     5  84496836 ****************************************************                   0.6441 0.2617
--       6-    10  28612835 *****************                                                      0.8368 0.4220
--      11-    17  11848295 *******                                                                0.9261 0.5574
--      18-    26   4400054 **                                                                     0.9664 0.6597
--      27-    37   1837586 *                                                                      0.9821 0.7212
--      38-    50    928233                                                                        0.9889 0.7602
--      51-    65    565338                                                                        0.9925 0.7882
--      66-    82    371103                                                                        0.9947 0.8110
--      83-   101    246584                                                                        0.9962 0.8303
--     102-   122    168875                                                                        0.9972 0.8462
--     123-   145    120030                                                                        0.9978 0.8596
--     146-   170     87965                                                                        0.9983 0.8710
--     171-   197     66238                                                                        0.9987 0.8809
--     198-   226     50760                                                                        0.9989 0.8895
--     227-   257     38818                                                                        0.9991 0.8972
--     258-   290     28175                                                                        0.9993 0.9039
--     291-   325     21099                                                                        0.9994 0.9094
--     326-   362     16686                                                                        0.9995 0.9140
--     363-   401     13937                                                                        0.9995 0.9181
--     402-   442     11728                                                                        0.9996 0.9220
--     443-   485      9958                                                                        0.9997 0.9255
--     486-   530      8614                                                                        0.9997 0.9288
--     531-   577      7394                                                                        0.9997 0.9320
--     578-   626      6306                                                                        0.9998 0.9349
--     627-   677      5418                                                                        0.9998 0.9376
--     678-   730      4564                                                                        0.9998 0.9402
--     731-   785      4041                                                                        0.9998 0.9425
--     786-   842      3433                                                                        0.9998 0.9447
--     843-   901      3187                                                                        0.9999 0.9467
--     902-   962      2741                                                                        0.9999 0.9487
--     963-  1025      2573                                                                        0.9999 0.9505
--    1026-  1090      2355                                                                        0.9999 0.9523
--    1091-  1157      2104                                                                        0.9999 0.9541
--    1158-  1226      1915                                                                        0.9999 0.9558
--    1227-  1297      1762                                                                        0.9999 0.9575
--    1298-  1370      1537                                                                        0.9999 0.9591
--    1371-  1445      1379                                                                        0.9999 0.9606
--    1446-  1522      1239                                                                        0.9999 0.9619
--    1523-  1601      1164                                                                        0.9999 0.9633
--
--           0 (max occurrences)
--  1388336894 (total mers, non-unique)
--   245993316 (distinct mers, non-unique)
--           0 (unique mers)
-- Finished stage 'meryl-process', reset canuIteration.
--
-- Removing meryl database 'correction/0-mercounts/canu_assmbly_durian.ms16'.
--
-- OVERLAPPER (mhap) (correction)
--
-- Set corMhapSensitivity=normal based on read coverage of 58.72.
--
-- PARAMETERS: hashes=512, minMatches=3, threshold=0.78
--
-- Given 5.4 GB, can fit 16200 reads per block.
-- For 16 blocks, set stride to 4 blocks.
-- Logging partitioning to 'correction/1-overlapper/partitioning.log'.
-- Configured 15 mhap precompute jobs.
-- Configured 33 mhap overlap jobs.
-- Finished stage 'cor-mhapConfigure', reset canuIteration.
--
-- Running jobs.  First attempt out of 2.
----------------------------------------
-- Starting 'cormhap' concurrent execution on Fri Mar 31 11:08:21 2023 with 10977.133 GB free disk space (15 processes; 1 concurrently)

    cd correction/1-overlapper
    ./precompute.sh 1 > ./precompute.000001.out 2>&1
    ./precompute.sh 2 > ./precompute.000002.out 2>&1
    ./precompute.sh 3 > ./precompute.000003.out 2>&1
    ./precompute.sh 4 > ./precompute.000004.out 2>&1
    ./precompute.sh 5 > ./precompute.000005.out 2>&1
    ./precompute.sh 6 > ./precompute.000006.out 2>&1
    ./precompute.sh 7 > ./precompute.000007.out 2>&1
    ./precompute.sh 8 > ./precompute.000008.out 2>&1
    ./precompute.sh 9 > ./precompute.000009.out 2>&1
    ./precompute.sh 10 > ./precompute.000010.out 2>&1
    ./precompute.sh 11 > ./precompute.000011.out 2>&1
    ./precompute.sh 12 > ./precompute.000012.out 2>&1
    ./precompute.sh 13 > ./precompute.000013.out 2>&1
    ./precompute.sh 14 > ./precompute.000014.out 2>&1
    ./precompute.sh 15 > ./precompute.000015.out 2>&1

-- Finished on Fri Mar 31 15:19:24 2023 (15063 seconds, at least I didn't crash) with 10818.026 GB free disk space
----------------------------------------
-- All 15 mhap precompute jobs finished successfully.
-- Finished stage 'cor-mhapPrecomputeCheck', reset canuIteration.
--
-- Running jobs.  First attempt out of 2.
----------------------------------------
-- Starting 'cormhap' concurrent execution on Fri Mar 31 15:19:24 2023 with 10818.026 GB free disk space (33 processes; 1 concurrently)

    cd correction/1-overlapper
    ./mhap.sh 1 > ./mhap.000001.out 2>&1
    ./mhap.sh 2 > ./mhap.000002.out 2>&1
    ./mhap.sh 3 > ./mhap.000003.out 2>&1
    ./mhap.sh 4 > ./mhap.000004.out 2>&1
    ./mhap.sh 5 > ./mhap.000005.out 2>&1
    ./mhap.sh 6 > ./mhap.000006.out 2>&1
    ./mhap.sh 7 > ./mhap.000007.out 2>&1
    ./mhap.sh 8 > ./mhap.000008.out 2>&1
    ./mhap.sh 9 > ./mhap.000009.out 2>&1
    ./mhap.sh 10 > ./mhap.000010.out 2>&1
    ./mhap.sh 11 > ./mhap.000011.out 2>&1
    ./mhap.sh 12 > ./mhap.000012.out 2>&1
    ./mhap.sh 13 > ./mhap.000013.out 2>&1
    ./mhap.sh 14 > ./mhap.000014.out 2>&1
    ./mhap.sh 15 > ./mhap.000015.out 2>&1
    ./mhap.sh 16 > ./mhap.000016.out 2>&1
    ./mhap.sh 17 > ./mhap.000017.out 2>&1
    ./mhap.sh 18 > ./mhap.000018.out 2>&1
    ./mhap.sh 19 > ./mhap.000019.out 2>&1
    ./mhap.sh 20 > ./mhap.000020.out 2>&1
    ./mhap.sh 21 > ./mhap.000021.out 2>&1
    ./mhap.sh 22 > ./mhap.000022.out 2>&1
    ./mhap.sh 23 > ./mhap.000023.out 2>&1
    ./mhap.sh 24 > ./mhap.000024.out 2>&1
    ./mhap.sh 25 > ./mhap.000025.out 2>&1
    ./mhap.sh 26 > ./mhap.000026.out 2>&1
    ./mhap.sh 27 > ./mhap.000027.out 2>&1
    ./mhap.sh 28 > ./mhap.000028.out 2>&1
    ./mhap.sh 29 > ./mhap.000029.out 2>&1
    ./mhap.sh 30 > ./mhap.000030.out 2>&1
    ./mhap.sh 31 > ./mhap.000031.out 2>&1
    ./mhap.sh 32 > ./mhap.000032.out 2>&1
    ./mhap.sh 33 > ./mhap.000033.out 2>&1

-- Finished on Fri Mar 31 17:17:14 2023 (7070 seconds) with 10725.579 GB free disk space
----------------------------------------
-- Found 33 mhap overlap output files.
-- Finished stage 'cor-mhapCheck', reset canuIteration.
----------------------------------------
-- Starting command on Fri Mar 31 17:17:14 2023 with 10725.579 GB free disk space

    cd correction
    /sw/bioinfo/canu/2.2/rackham/bin/ovStoreConfig \
     -S ../canu_assmbly_durian.seqStore \
     -M 4-8 \
     -L ./1-overlapper/ovljob.files \
     -create ./canu_assmbly_durian.ovlStore.config \
     > ./canu_assmbly_durian.ovlStore.config.txt \
    2> ./canu_assmbly_durian.ovlStore.config.err

-- Finished on Fri Mar 31 17:17:14 2023 (in the blink of an eye) with 10725.579 GB free disk space
----------------------------------------
--
-- Creating overlap store correction/canu_assmbly_durian.ovlStore using:
--      3 buckets
--      3 slices
--        using at most 7 GB memory each
-- Finished stage 'cor-overlapStoreConfigure', reset canuIteration.
--
-- Running jobs.  First attempt out of 2.
----------------------------------------
-- Starting 'ovB' concurrent execution on Fri Mar 31 17:17:14 2023 with 10725.579 GB free disk space (3 processes; 4 concurrently)

    cd correction/canu_assmbly_durian.ovlStore.BUILDING
    ./scripts/1-bucketize.sh 1 > ./logs/1-bucketize.000001.out 2>&1
    ./scripts/1-bucketize.sh 2 > ./logs/1-bucketize.000002.out 2>&1
    ./scripts/1-bucketize.sh 3 > ./logs/1-bucketize.000003.out 2>&1

-- Finished on Fri Mar 31 17:18:57 2023 (103 seconds) with 10716.425 GB free disk space
----------------------------------------
-- Overlap store bucketizer finished.
-- Finished stage 'cor-overlapStoreBucketizerCheck', reset canuIteration.
--
-- Running jobs.  First attempt out of 2.
----------------------------------------
-- Starting 'ovS' concurrent execution on Fri Mar 31 17:18:57 2023 with 10716.425 GB free disk space (3 processes; 4 concurrently)

    cd correction/canu_assmbly_durian.ovlStore.BUILDING
    ./scripts/2-sort.sh 1 > ./logs/2-sort.000001.out 2>&1
    ./scripts/2-sort.sh 2 > ./logs/2-sort.000002.out 2>&1
    ./scripts/2-sort.sh 3 > ./logs/2-sort.000003.out 2>&1

-- Finished on Fri Mar 31 17:22:35 2023 (218 seconds) with 10703.526 GB free disk space
----------------------------------------
-- Overlap store sorter finished.
-- Finished stage 'cor-overlapStoreSorterCheck', reset canuIteration.
----------------------------------------
-- Starting command on Fri Mar 31 17:22:35 2023 with 10703.526 GB free disk space

    cd correction
    /sw/bioinfo/canu/2.2/rackham/bin/ovStoreIndexer \
      -O  ./canu_assmbly_durian.ovlStore.BUILDING \
      -S ../canu_assmbly_durian.seqStore \
      -C  ./canu_assmbly_durian.ovlStore.config \
      -delete \
    > ./canu_assmbly_durian.ovlStore.BUILDING.index.err 2>&1

-- Finished on Fri Mar 31 17:22:36 2023 (one second) with 10703.503 GB free disk space
----------------------------------------
-- Overlap store indexer finished.
-- Checking store.
----------------------------------------
-- Starting command on Fri Mar 31 17:22:36 2023 with 10703.503 GB free disk space

    cd correction
    /sw/bioinfo/canu/2.2/rackham/bin/ovStoreDump \
     -S ../canu_assmbly_durian.seqStore \
     -O  ./canu_assmbly_durian.ovlStore \
     -counts \
     > ./canu_assmbly_durian.ovlStore/counts.dat 2> ./canu_assmbly_durian.ovlStore/counts.err

-- Finished on Fri Mar 31 17:22:36 2023 (furiously fast) with 10703.526 GB free disk space
----------------------------------------
--
-- Overlap store 'correction/canu_assmbly_durian.ovlStore' successfully constructed.
-- Found 528834870 overlaps for 226947 reads; 6905 reads have no overlaps.
--
--
-- Purged 9.085 GB in 81 overlap output files.
-- Finished stage 'cor-createOverlapStore', reset canuIteration.
-- Set corMinCoverage=4 based on read coverage of 58.72.
-- Computing correction layouts.
--   Local  filter coverage   80
--   Global filter coverage   40
----------------------------------------
-- Starting command on Fri Mar 31 17:22:38 2023 with 10703.431 GB free disk space

    cd correction
    /sw/bioinfo/canu/2.2/rackham/bin/generateCorrectionLayouts \
      -S ../canu_assmbly_durian.seqStore \
      -O  ./canu_assmbly_durian.ovlStore \
      -C  ./canu_assmbly_durian.corStore.WORKING \
      -eE 0.15 \
      -eC 80 \
      -xC 40 \
    > ./canu_assmbly_durian.corStore.err 2>&1

-- Finished on Fri Mar 31 17:23:12 2023 (34 seconds) with 10703.364 GB free disk space
----------------------------------------
-- Finished stage 'cor-buildCorrectionLayoutsConfigure', reset canuIteration.
-- Computing correction layouts.
----------------------------------------
-- Starting command on Fri Mar 31 17:23:12 2023 with 10703.364 GB free disk space

    cd correction/2-correction
    /sw/bioinfo/canu/2.2/rackham/bin/filterCorrectionLayouts \
      -S  ../../canu_assmbly_durian.seqStore \
      -C     ../canu_assmbly_durian.corStore \
      -R      ./canu_assmbly_durian.readsToCorrect.WORKING \
      -cc 4 \
      -cl 1000 \
      -g  30000000 \
      -c  40 \
    > ./canu_assmbly_durian.readsToCorrect.err 2>&1

-- Finished on Fri Mar 31 17:23:13 2023 (one second) with 10703.348 GB free disk space
----------------------------------------
--                             original      original
--                            raw reads     raw reads
--   category                w/overlaps  w/o/overlaps
--   -------------------- ------------- -------------
--   Number of Reads             144474         89378
--   Number of Bases         1208193898     508783876
--   Coverage                    40.273        16.959
--   Median                        7921          4724
--   Mean                          8362          5692
--   N50                          10177          8297
--   Minimum                       1000             0
--   Maximum                      43198         39241
--   
--                                        --------corrected---------  ----------rescued----------
--                             evidence                     expected                     expected
--   category                     reads            raw     corrected            raw     corrected
--   -------------------- -------------  ------------- -------------  ------------- -------------
--   Number of Reads             168292          94325         94325              0             0
--   Number of Bases         1283832529      848626477     655304042              0             0
--   Coverage                    42.794         28.288        21.843          0.000         0.000
--   Median                        7078           8599          6529              0             0
--   Mean                          7628           8996          6947              0             0
--   N50                           9729          10536          9264              0             0
--   Minimum                       1000           1000             1              0             0
--   Maximum                      42756          40201         33624              0             0
--   
--                        --------uncorrected--------
--                                           expected
--   category                       raw     corrected
--   -------------------- ------------- -------------
--   Number of Reads             139527        139527
--   Number of Bases          868351297         33723
--   Coverage                    28.945         0.001
--   Median                        5335             0
--   Mean                          6223             0
--   N50                           8687             0
--   Minimum                          0             0
--   Maximum                      43198         33723
--   
--   Maximum Memory           912126452
-- Finished stage 'cor-filterCorrectionLayouts', reset canuIteration.
--
-- Correction jobs estimated to need at most 0.849 GB for computation.
-- Correction jobs will request 6 GB each.
--
-- Local: cor        6.000 GB    4 CPUs x   1 job      6.000 GB   4 CPUs  (read correction)
--
--
-- Configuring correction jobs:
--   Reads estimated to need at most 0.849 GB for computation.
--   Jobs will request 6 GB each.
----------------------------------------
-- Starting command on Fri Mar 31 17:23:13 2023 with 10703.348 GB free disk space

    cd correction/2-correction
    ./correctReadsPartition.sh \
    > ./correctReadsPartition.err 2>&1

-- Finished on Fri Mar 31 17:23:14 2023 (one second) with 10703.347 GB free disk space
----------------------------------------
-- Finished stage 'cor-generateCorrectedReadsConfigure', reset canuIteration.
--
-- Running jobs.  First attempt out of 2.
----------------------------------------
-- Starting 'cor' concurrent execution on Fri Mar 31 17:23:14 2023 with 10703.347 GB free disk space (10 processes; 1 concurrently)

    cd correction/2-correction
    ./correctReads.sh 1 > ./correctReads.000001.out 2>&1
    ./correctReads.sh 2 > ./correctReads.000002.out 2>&1
    ./correctReads.sh 3 > ./correctReads.000003.out 2>&1
    ./correctReads.sh 4 > ./correctReads.000004.out 2>&1
    ./correctReads.sh 5 > ./correctReads.000005.out 2>&1
    ./correctReads.sh 6 > ./correctReads.000006.out 2>&1
    ./correctReads.sh 7 > ./correctReads.000007.out 2>&1
    ./correctReads.sh 8 > ./correctReads.000008.out 2>&1
    ./correctReads.sh 9 > ./correctReads.000009.out 2>&1
    ./correctReads.sh 10 > ./correctReads.000010.out 2>&1

-- Finished on Fri Mar 31 19:23:53 2023 (7239 seconds) with 10663.106 GB free disk space
----------------------------------------
-- Found 10 read correction output files.
-- Finished stage 'cor-generateCorrectedReadsCheck', reset canuIteration.
-- Found 10 read correction output files.
-- Finished stage 'cor-generateCorrectedReadsCheck', reset canuIteration.
--
-- Loading corrected reads into corStore and seqStore.
----------------------------------------
-- Starting command on Fri Mar 31 19:23:53 2023 with 10663.106 GB free disk space

    cd correction
    /sw/bioinfo/canu/2.2/rackham/bin/loadCorrectedReads \
      -S ../canu_assmbly_durian.seqStore \
      -C ./canu_assmbly_durian.corStore \
      -L ./2-correction/corjob.files \
    >  ./canu_assmbly_durian.loadCorrectedReads.log \
    2> ./canu_assmbly_durian.loadCorrectedReads.err

-- Finished on Fri Mar 31 19:24:09 2023 (16 seconds) with 10662.756 GB free disk space
----------------------------------------
--
-- In sequence store './canu_assmbly_durian.seqStore':
--   Found 83428 reads.
--   Found 578018299 bases (19.26 times coverage).
--    Histogram of corrected reads:
--    
--    G=578018299                        sum of  ||               length     num
--    NG         length     index       lengths  ||                range    seqs
--    ----- ------------ --------- ------------  ||  ------------------- -------
--    00010        15186      3225     57810894  ||       1000-1608         5268|---------------------------------------------------------------
--    00020        12570      7443    115605920  ||       1609-2217         4672|--------------------------------------------------------
--    00030        10970     12379    173406443  ||       2218-2826         4372|-----------------------------------------------------
--    00040         9828     17959    231207430  ||       2827-3435         4318|----------------------------------------------------
--    00050         8856     24155    289016472  ||       3436-4044         4544|-------------------------------------------------------
--    00060         7862     31076    346814118  ||       4045-4653         4598|-------------------------------------------------------
--    00070         6842     38943    404618080  ||       4654-5262         4697|---------------------------------------------------------
--    00080         5632     48204    462417664  ||       5263-5871         4555|-------------------------------------------------------
--    00090         4063     60129    520217093  ||       5872-6480         4668|--------------------------------------------------------
--    00100         1000     83427    578018299  ||       6481-7089         4764|---------------------------------------------------------
--    001.000x               83428    578018299  ||       7090-7698         4645|--------------------------------------------------------
--                                               ||       7699-8307         4465|------------------------------------------------------
--                                               ||       8308-8916         4114|--------------------------------------------------
--                                               ||       8917-9525         3956|------------------------------------------------
--                                               ||       9526-10134        3561|-------------------------------------------
--                                               ||      10135-10743        2940|------------------------------------
--                                               ||      10744-11352        2282|----------------------------
--                                               ||      11353-11961        1973|------------------------
--                                               ||      11962-12570        1594|--------------------
--                                               ||      12571-13179        1309|----------------
--                                               ||      13180-13788        1082|-------------
--                                               ||      13789-14397         903|-----------
--                                               ||      14398-15006         731|---------
--                                               ||      15007-15615         626|--------
--                                               ||      15616-16224         517|-------
--                                               ||      16225-16833         443|------
--                                               ||      16834-17442         360|-----
--                                               ||      17443-18051         278|----
--                                               ||      18052-18660         247|---
--                                               ||      18661-19269         204|---
--                                               ||      19270-19878         167|--
--                                               ||      19879-20487         130|--
--                                               ||      20488-21096         106|--
--                                               ||      21097-21705          74|-
--                                               ||      21706-22314          57|-
--                                               ||      22315-22923          34|-
--                                               ||      22924-23532          29|-
--                                               ||      23533-24141          33|-
--                                               ||      24142-24750          31|-
--                                               ||      24751-25359          17|-
--                                               ||      25360-25968          15|-
--                                               ||      25969-26577          17|-
--                                               ||      26578-27186           7|-
--                                               ||      27187-27795           5|-
--                                               ||      27796-28404           6|-
--                                               ||      28405-29013           6|-
--                                               ||      29014-29622           4|-
--                                               ||      29623-30231           1|-
--                                               ||      30232-30840           0|
--                                               ||      30841-31449           3|-
--    
--
-- Purging correctReads output after loading into stores.
-- Purged 10 .cns outputs.
-- Purged 20 .out job log outputs.
--
-- No corrected reads generated, overlaps used for correction saved.
-- Finished stage 'cor-loadCorrectedReads', reset canuIteration.
----------------------------------------
-- Starting command on Fri Mar 31 19:24:10 2023 with 10662.75 GB free disk space

    cd .
    /sw/bioinfo/canu/2.2/rackham/bin/sqStoreDumpFASTQ \
      -corrected \
      -S ./canu_assmbly_durian.seqStore \
      -o ./canu_assmbly_durian.correctedReads.gz \
      -fasta \
      -nolibname \
    > canu_assmbly_durian.correctedReads.fasta.err 2>&1

-- Finished on Fri Mar 31 19:24:28 2023 (18 seconds) with 10662.571 GB free disk space
----------------------------------------
--
-- Corrected reads saved in 'canu_assmbly_durian.correctedReads.fasta.gz'.
-- Finished stage 'cor-dumpCorrectedReads', reset canuIteration.
--
-- BEGIN TRIMMING
----------------------------------------
-- Starting command on Fri Mar 31 19:24:28 2023 with 10662.571 GB free disk space

    cd trimming/0-mercounts
    ./meryl-configure.sh \
    > ./meryl-configure.err 2>&1

-- Finished on Fri Mar 31 19:24:29 2023 (one second) with 10662.571 GB free disk space
----------------------------------------
--  segments   memory batches
--  -------- -------- -------
--        01  2.30 GB       2
--        02  1.15 GB       2
--        04  0.58 GB       2
--
--  For 83428 reads with 578018299 bases, limit to 5 batches.
--  Will count kmers using 01 jobs, each using 4 GB and 4 threads.
--
-- Finished stage 'merylConfigure', reset canuIteration.
--
-- Running jobs.  First attempt out of 2.
----------------------------------------
-- Starting 'meryl' concurrent execution on Fri Mar 31 19:24:29 2023 with 10662.571 GB free disk space (1 processes; 1 concurrently)

    cd trimming/0-mercounts
    ./meryl-count.sh 1 > ./meryl-count.000001.out 2>&1

-- Finished on Fri Mar 31 19:25:35 2023 (66 seconds) with 10662.113 GB free disk space
----------------------------------------
-- Found 1 Kmer counting (meryl) outputs.
-- Finished stage 'obt-merylCountCheck', reset canuIteration.
--
-- Running jobs.  First attempt out of 2.
----------------------------------------
-- Starting 'meryl' concurrent execution on Fri Mar 31 19:25:35 2023 with 10662.113 GB free disk space (1 processes; 1 concurrently)

    cd trimming/0-mercounts
    ./meryl-process.sh 1 > ./meryl-process.000001.out 2>&1

-- Finished on Fri Mar 31 19:25:43 2023 (8 seconds) with 10661.894 GB free disk space
----------------------------------------
-- Meryl finished successfully.  Kmer frequency histogram:
--
--  22-mers                                                                                           Fraction
--    Occurrences   NumMers                                                                         Unique Total
--       1-     1         0                                                                        0.0000 0.0000
--       2-     2   6156714 ***************************************************                    0.1814 0.0228
--       3-     6   7176312 ***********************************************************            0.2631 0.0383
--       7-    13   6586490 ******************************************************                 0.4241 0.0918
--      14-    23   8448944 ********************************************************************** 0.6138 0.2224
--      24-    36   4455021 ************************************                                   0.8546 0.5134
--      37-    52    566752 ****                                                                   0.9696 0.7235
--      53-    71    143523 *                                                                      0.9839 0.7623
--      72-    93     80968                                                                        0.9879 0.7778
--      94-   118     65750                                                                        0.9903 0.7901
--     119-   146     49787                                                                        0.9922 0.8027
--     147-   177     42657                                                                        0.9936 0.8149
--     178-   211     33756                                                                        0.9949 0.8275
--     212-   248     29956                                                                        0.9959 0.8397
--     249-   288     21099                                                                        0.9967 0.8523
--     289-   331     14959                                                                        0.9974 0.8627
--     332-   377     14824                                                                        0.9978 0.8712
--     378-   426     16564                                                                        0.9982 0.8810
--     427-   478     11443                                                                        0.9987 0.8934
--     479-   533      4611                                                                        0.9991 0.9028
--     534-   591      1646                                                                        0.9992 0.9070
--     592-   652      1484                                                                        0.9992 0.9087
--     653-   716      1219                                                                        0.9993 0.9104
--     717-   783      1424                                                                        0.9993 0.9119
--     784-   853      1278                                                                        0.9994 0.9139
--     854-   926      1130                                                                        0.9994 0.9158
--     927-  1002      1213                                                                        0.9994 0.9177
--    1003-  1081      1018                                                                        0.9995 0.9199
--    1082-  1163      1019                                                                        0.9995 0.9218
--    1164-  1248       771                                                                        0.9995 0.9239
--    1249-  1336      1049                                                                        0.9995 0.9257
--    1337-  1427       956                                                                        0.9996 0.9282
--    1428-  1521      1217                                                                        0.9996 0.9307
--    1522-  1618       985                                                                        0.9996 0.9340
--    1619-  1718      1182                                                                        0.9997 0.9369
--    1719-  1821       493                                                                        0.9997 0.9405
--    1822-  1927       443                                                                        0.9997 0.9421
--    1928-  2036       538                                                                        0.9997 0.9437
--    2037-  2148       567                                                                        0.9997 0.9456
--    2149-  2263       597                                                                        0.9998 0.9478
--    2264-  2381       568                                                                        0.9998 0.9503
--
--           0 (max occurrences)
--   539390580 (total mers, non-unique)
--    33947692 (distinct mers, non-unique)
--           0 (unique mers)
-- Finished stage 'meryl-process', reset canuIteration.
--
-- Removing meryl database 'trimming/0-mercounts/canu_assmbly_durian.ms22'.
--
-- OVERLAPPER (normal) (trimming) erate=0.045
--
----------------------------------------
-- Starting command on Fri Mar 31 19:25:43 2023 with 10661.893 GB free disk space

    cd trimming/1-overlapper
    /sw/bioinfo/canu/2.2/rackham/bin/overlapInCorePartition \
     -S  ../../canu_assmbly_durian.seqStore \
     -hl 80000000 \
     -rl 1000000000 \
     -ol 500 \
     -o  ./canu_assmbly_durian.partition \
    > ./canu_assmbly_durian.partition.err 2>&1

-- Finished on Fri Mar 31 19:25:43 2023 (furiously fast) with 10661.893 GB free disk space
----------------------------------------
--
-- Configured 8 overlapInCore jobs.
-- Finished stage 'obt-overlapConfigure', reset canuIteration.
--
-- Running jobs.  First attempt out of 2.
----------------------------------------
-- Starting 'obtovl' concurrent execution on Fri Mar 31 19:25:43 2023 with 10661.893 GB free disk space (8 processes; 1 concurrently)

    cd trimming/1-overlapper
    ./overlap.sh 1 > ./overlap.000001.out 2>&1
    ./overlap.sh 2 > ./overlap.000002.out 2>&1
    ./overlap.sh 3 > ./overlap.000003.out 2>&1
    ./overlap.sh 4 > ./overlap.000004.out 2>&1
    ./overlap.sh 5 > ./overlap.000005.out 2>&1
    ./overlap.sh 6 > ./overlap.000006.out 2>&1
    ./overlap.sh 7 > ./overlap.000007.out 2>&1
    ./overlap.sh 8 > ./overlap.000008.out 2>&1

-- Finished on Fri Mar 31 19:59:32 2023 (2029 seconds) with 10658.74 GB free disk space
----------------------------------------
-- Found 8 overlapInCore output files.
--
-- overlapInCore compute 'trimming/1-overlapper':
--   kmer hits
--     with no overlap         70370669  796333.625 +- 5430888.734
--     with an overlap          7483836    935479.5 +- 1228491.088
--
--   overlaps                   7482678   935334.75 +- 1228257.267
--     contained                      0           0 +- 0
--     dovetail                       0           0 +- 0
--
--   overlaps rejected
--     multiple per pair              0           0 +- 0
--     bad short window               0           0 +- 0
--     bad long window                0           0 +- 0
-- Finished stage 'obt-overlapCheck', reset canuIteration.
----------------------------------------
-- Starting command on Fri Mar 31 19:59:32 2023 with 10658.74 GB free disk space

    cd trimming
    /sw/bioinfo/canu/2.2/rackham/bin/ovStoreConfig \
     -S ../canu_assmbly_durian.seqStore \
     -M 9 \
     -L ./1-overlapper/ovljob.files \
     -create ./canu_assmbly_durian.ovlStore.config \
     > ./canu_assmbly_durian.ovlStore.config.txt \
    2> ./canu_assmbly_durian.ovlStore.config.err

-- Finished on Fri Mar 31 19:59:32 2023 (in the blink of an eye) with 10658.739 GB free disk space
----------------------------------------
--
-- Creating overlap store trimming/canu_assmbly_durian.ovlStore using:
--      2 buckets
--      2 slices
--        using at most 2 GB memory each
-- Finished stage 'obt-overlapStoreConfigure', reset canuIteration.
--
-- Running jobs.  First attempt out of 2.
----------------------------------------
-- Starting 'ovB' concurrent execution on Fri Mar 31 19:59:32 2023 with 10658.739 GB free disk space (2 processes; 4 concurrently)

    cd trimming/canu_assmbly_durian.ovlStore.BUILDING
    ./scripts/1-bucketize.sh 1 > ./logs/1-bucketize.000001.out 2>&1
    ./scripts/1-bucketize.sh 2 > ./logs/1-bucketize.000002.out 2>&1

-- Finished on Fri Mar 31 19:59:37 2023 (5 seconds) with 10658.482 GB free disk space
----------------------------------------
-- Overlap store bucketizer finished.
-- Finished stage 'obt-overlapStoreBucketizerCheck', reset canuIteration.
--
-- Running jobs.  First attempt out of 2.
----------------------------------------
-- Starting 'ovS' concurrent execution on Fri Mar 31 19:59:37 2023 with 10658.481 GB free disk space (2 processes; 4 concurrently)

    cd trimming/canu_assmbly_durian.ovlStore.BUILDING
    ./scripts/2-sort.sh 1 > ./logs/2-sort.000001.out 2>&1
    ./scripts/2-sort.sh 2 > ./logs/2-sort.000002.out 2>&1

-- Finished on Fri Mar 31 19:59:45 2023 (8 seconds) with 10658.173 GB free disk space
----------------------------------------
-- Overlap store sorter finished.
-- Finished stage 'obt-overlapStoreSorterCheck', reset canuIteration.
----------------------------------------
-- Starting command on Fri Mar 31 19:59:45 2023 with 10658.172 GB free disk space

    cd trimming
    /sw/bioinfo/canu/2.2/rackham/bin/ovStoreIndexer \
      -O  ./canu_assmbly_durian.ovlStore.BUILDING \
      -S ../canu_assmbly_durian.seqStore \
      -C  ./canu_assmbly_durian.ovlStore.config \
      -delete \
    > ./canu_assmbly_durian.ovlStore.BUILDING.index.err 2>&1

-- Finished on Fri Mar 31 19:59:45 2023 (furiously fast) with 10658.152 GB free disk space
----------------------------------------
-- Overlap store indexer finished.
-- Checking store.
----------------------------------------
-- Starting command on Fri Mar 31 19:59:45 2023 with 10658.152 GB free disk space

    cd trimming
    /sw/bioinfo/canu/2.2/rackham/bin/ovStoreDump \
     -S ../canu_assmbly_durian.seqStore \
     -O  ./canu_assmbly_durian.ovlStore \
     -counts \
     > ./canu_assmbly_durian.ovlStore/counts.dat 2> ./canu_assmbly_durian.ovlStore/counts.err

-- Finished on Fri Mar 31 19:59:45 2023 (in the blink of an eye) with 10658.15 GB free disk space
----------------------------------------
--
-- Overlap store 'trimming/canu_assmbly_durian.ovlStore' successfully constructed.
-- Found 14967672 overlaps for 83137 reads; 150715 reads have no overlaps.
--
--
-- Purged 0.142 GB in 24 overlap output files.
-- Finished stage 'obt-createOverlapStore', reset canuIteration.
----------------------------------------
-- Starting command on Fri Mar 31 19:59:46 2023 with 10658.149 GB free disk space

    cd trimming/3-overlapbasedtrimming
    /sw/bioinfo/canu/2.2/rackham/bin/trimReads \
      -S  ../../canu_assmbly_durian.seqStore \
      -O  ../canu_assmbly_durian.ovlStore \
      -Co ./canu_assmbly_durian.1.trimReads.clear \
      -e  0.045 \
      -minlength 1000 \
      -ol 500 \
      -oc 2 \
      -o  ./canu_assmbly_durian.1.trimReads \
    >     ./canu_assmbly_durian.1.trimReads.err 2>&1

-- Finished on Fri Mar 31 19:59:55 2023 (9 seconds) with 10658.143 GB free disk space
----------------------------------------
--  PARAMETERS:
--  ----------
--     1000    (reads trimmed below this many bases are deleted)
--   0.0450    (use overlaps at or below this fraction error)
--      500    (break region if overlap is less than this long, for 'largest covered' algorithm)
--        2    (break region if overlap coverage is less than this many reads, for 'largest covered' algorithm)
--  
--  INPUT READS:
--  -----------
--  233852 reads    578018299 bases (reads processed)
--       0 reads            0 bases (reads not processed, previously deleted)
--       0 reads            0 bases (reads not processed, in a library where trimming isn't allowed)
--  
--  OUTPUT READS:
--  ------------
--   45682 reads    303449202 bases (trimmed reads output)
--   36088 reads    251208233 bases (reads with no change, kept as is)
--  150715 reads       834487 bases (reads with no overlaps, deleted)
--    1367 reads      3445810 bases (reads with short trimmed length, deleted)
--  
--  TRIMMING DETAILS:
--  ----------------
--   30197 reads      9652396 bases (bases trimmed from the 5' end of a read)
--   27642 reads      9428171 bases (bases trimmed from the 3' end of a read)
-- Finished stage 'obt-trimReads', reset canuIteration.
----------------------------------------
-- Starting command on Fri Mar 31 19:59:55 2023 with 10658.143 GB free disk space

    cd trimming/3-overlapbasedtrimming
    /sw/bioinfo/canu/2.2/rackham/bin/splitReads \
      -S  ../../canu_assmbly_durian.seqStore \
      -O  ../canu_assmbly_durian.ovlStore \
      -Ci ./canu_assmbly_durian.1.trimReads.clear \
      -Co ./canu_assmbly_durian.2.splitReads.clear \
      -e  0.045 \
      -minlength 1000 \
      -o  ./canu_assmbly_durian.2.splitReads \
    >     ./canu_assmbly_durian.2.splitReads.err 2>&1

-- Finished on Fri Mar 31 20:00:00 2023 (5 seconds) with 10658.162 GB free disk space
----------------------------------------
--  PARAMETERS:
--  ----------
--     1000    (reads trimmed below this many bases are deleted)
--   0.0450    (use overlaps at or below this fraction error)
--  INPUT READS:
--  -----------
--   81770 reads    573738002 bases (reads processed)
--  152082 reads      4280297 bases (reads not processed, previously deleted)
--       0 reads            0 bases (reads not processed, in a library where trimming isn't allowed)
--  
--  PROCESSED:
--  --------
--       0 reads            0 bases (no overlaps)
--      40 reads       124633 bases (no coverage after adjusting for trimming done already)
--       0 reads            0 bases (processed for chimera)
--       0 reads            0 bases (processed for spur)
--   81730 reads    573613369 bases (processed for subreads)
--  
--  READS WITH SIGNALS:
--  ------------------
--       0 reads            0 signals (number of 5' spur signal)
--       0 reads            0 signals (number of 3' spur signal)
--       0 reads            0 signals (number of chimera signal)
--       9 reads            9 signals (number of subread signal)
--  
--  SIGNALS:
--  -------
--       0 reads            0 bases (size of 5' spur signal)
--       0 reads            0 bases (size of 3' spur signal)
--       0 reads            0 bases (size of chimera signal)
--       9 reads         1750 bases (size of subread signal)
--  
--  TRIMMING:
--  --------
--       2 reads        15583 bases (trimmed from the 5' end of the read)
--       7 reads        40248 bases (trimmed from the 3' end of the read)
-- Finished stage 'obt-splitReads', reset canuIteration.
----------------------------------------
-- Starting command on Fri Mar 31 20:00:00 2023 with 10658.161 GB free disk space

    cd trimming/3-overlapbasedtrimming
    /sw/bioinfo/canu/2.2/rackham/bin/loadTrimmedReads \
      -S ../../canu_assmbly_durian.seqStore \
      -c ./canu_assmbly_durian.2.splitReads.clear \
    > ./canu_assmbly_durian.loadTrimmedReads.err 2>&1

-- Finished on Fri Mar 31 20:00:04 2023 (4 seconds) with 10658.13 GB free disk space
----------------------------------------
--
-- In sequence store './canu_assmbly_durian.seqStore':
--   Found 81770 reads.
--   Found 554601604 bases (18.48 times coverage).
--    Histogram of corrected-trimmed reads:
--    
--    G=554601604                        sum of  ||               length     num
--    NG         length     index       lengths  ||                range    seqs
--    ----- ------------ --------- ------------  ||  ------------------- -------
--    00010        15060      3124     55469719  ||       1000-1603         5459|---------------------------------------------------------------
--    00020        12454      7209    110930277  ||       1604-2207         4778|--------------------------------------------------------
--    00030        10851     11996    166386872  ||       2208-2811         4518|-----------------------------------------------------
--    00040         9715     17412    221846845  ||       2812-3415         4417|---------------------------------------------------
--    00050         8736     23430    277309056  ||       3416-4019         4535|-----------------------------------------------------
--    00060         7748     30168    332766607  ||       4020-4623         4606|------------------------------------------------------
--    00070         6712     37850    388224531  ||       4624-5227         4581|-----------------------------------------------------
--    00080         5481     46943    443686299  ||       5228-5831         4480|----------------------------------------------------
--    00090         3937     58729    499142800  ||       5832-6435         4467|----------------------------------------------------
--    00100         1000     81769    554601604  ||       6436-7039         4625|------------------------------------------------------
--    001.000x               81770    554601604  ||       7040-7643         4420|----------------------------------------------------
--                                               ||       7644-8247         4262|--------------------------------------------------
--                                               ||       8248-8851         3914|----------------------------------------------
--                                               ||       8852-9455         3779|--------------------------------------------
--                                               ||       9456-10059        3430|----------------------------------------
--                                               ||      10060-10663        2792|---------------------------------
--                                               ||      10664-11267        2209|--------------------------
--                                               ||      11268-11871        1859|----------------------
--                                               ||      11872-12475        1479|------------------
--                                               ||      12476-13079        1263|---------------
--                                               ||      13080-13683        1031|------------
--                                               ||      13684-14287         859|----------
--                                               ||      14288-14891         720|---------
--                                               ||      14892-15495         606|-------
--                                               ||      15496-16099         494|------
--                                               ||      16100-16703         428|-----
--                                               ||      16704-17307         359|-----
--                                               ||      17308-17911         254|---
--                                               ||      17912-18515         224|---
--                                               ||      18516-19119         214|---
--                                               ||      19120-19723         161|--
--                                               ||      19724-20327         131|--
--                                               ||      20328-20931          84|-
--                                               ||      20932-21535          71|-
--                                               ||      21536-22139          60|-
--                                               ||      22140-22743          38|-
--                                               ||      22744-23347          26|-
--                                               ||      23348-23951          28|-
--                                               ||      23952-24555          30|-
--                                               ||      24556-25159          19|-
--                                               ||      25160-25763          15|-
--                                               ||      25764-26367          13|-
--                                               ||      26368-26971          13|-
--                                               ||      26972-27575           2|-
--                                               ||      27576-28179           7|-
--                                               ||      28180-28783           5|-
--                                               ||      28784-29387           2|-
--                                               ||      29388-29991           2|-
--                                               ||      29992-30595           0|
--                                               ||      30596-31199           1|-
--    
--
-- No trimmed reads generated, overlaps used for trimming saved.
-- Finished stage 'obt-dumpReads', reset canuIteration.
----------------------------------------
-- Starting command on Fri Mar 31 20:00:04 2023 with 10658.128 GB free disk space

    cd .
    /sw/bioinfo/canu/2.2/rackham/bin/sqStoreDumpFASTQ \
      -trimmed \
      -S ./canu_assmbly_durian.seqStore \
      -o ./canu_assmbly_durian.trimmedReads.gz \
      -fasta \
      -trimmed -normal -nolibname \
    > ./canu_assmbly_durian.trimmedReads.fasta.err 2>&1

-- Finished on Fri Mar 31 20:00:22 2023 (18 seconds) with 10657.975 GB free disk space
----------------------------------------
--
-- Trimmed reads saved in 'canu_assmbly_durian.trimmedReads.fasta.gz'.
-- Finished stage 'cor-dumpTrimmedReads', reset canuIteration.
--
-- BEGIN ASSEMBLY
----------------------------------------
-- Starting command on Fri Mar 31 20:00:22 2023 with 10657.975 GB free disk space

    cd unitigging/0-mercounts
    ./meryl-configure.sh \
    > ./meryl-configure.err 2>&1

-- Finished on Fri Mar 31 20:00:23 2023 (one second) with 10657.975 GB free disk space
----------------------------------------
--  segments   memory batches
--  -------- -------- -------
--        01  2.21 GB       2
--        02  1.11 GB       2
--        04  0.56 GB       2
--
--  For 81770 reads with 554601604 bases, limit to 5 batches.
--  Will count kmers using 01 jobs, each using 4 GB and 4 threads.
--
-- Finished stage 'merylConfigure', reset canuIteration.
--
-- Running jobs.  First attempt out of 2.
----------------------------------------
-- Starting 'meryl' concurrent execution on Fri Mar 31 20:00:23 2023 with 10657.975 GB free disk space (1 processes; 1 concurrently)

    cd unitigging/0-mercounts
    ./meryl-count.sh 1 > ./meryl-count.000001.out 2>&1

-- Finished on Fri Mar 31 20:01:44 2023 (81 seconds) with 10657.564 GB free disk space
----------------------------------------
-- Found 1 Kmer counting (meryl) outputs.
-- Finished stage 'utg-merylCountCheck', reset canuIteration.
--
-- Running jobs.  First attempt out of 2.
----------------------------------------
-- Starting 'meryl' concurrent execution on Fri Mar 31 20:01:44 2023 with 10657.564 GB free disk space (1 processes; 1 concurrently)

    cd unitigging/0-mercounts
    ./meryl-process.sh 1 > ./meryl-process.000001.out 2>&1

-- Finished on Fri Mar 31 20:01:51 2023 (7 seconds) with 10657.361 GB free disk space
----------------------------------------
-- Meryl finished successfully.  Kmer frequency histogram:
--
--  22-mers                                                                                           Fraction
--    Occurrences   NumMers                                                                         Unique Total
--       1-     1         0                                                                        0.0000 0.0000
--       2-     2   5224187 ********************************************                           0.1634 0.0200
--       3-     6   6592279 *******************************************************                0.2404 0.0342
--       7-    13   6495884 ******************************************************                 0.4017 0.0865
--      14-    23   8298990 ********************************************************************** 0.6014 0.2206
--      24-    36   4287626 ************************************                                   0.8521 0.5152
--      37-    52    532068 ****                                                                   0.9693 0.7234
--      53-    71    133947 *                                                                      0.9836 0.7610
--      72-    93     78047                                                                        0.9875 0.7760
--      94-   118     63564                                                                        0.9899 0.7882
--     119-   146     48793                                                                        0.9919 0.8009
--     147-   177     41391                                                                        0.9934 0.8132
--     178-   211     33445                                                                        0.9947 0.8259
--     212-   248     29325                                                                        0.9957 0.8384
--     249-   288     20237                                                                        0.9966 0.8511
--     289-   331     14489                                                                        0.9973 0.8614
--     332-   377     14674                                                                        0.9977 0.8700
--     378-   426     16564                                                                        0.9982 0.8800
--     427-   478     11045                                                                        0.9987 0.8928
--     479-   533      4398                                                                        0.9990 0.9022
--     534-   591      1617                                                                        0.9992 0.9063
--     592-   652      1424                                                                        0.9992 0.9080
--     653-   716      1108                                                                        0.9993 0.9097
--     717-   783      1394                                                                        0.9993 0.9112
--     784-   853      1228                                                                        0.9993 0.9132
--     854-   926      1152                                                                        0.9994 0.9151
--     927-  1002      1167                                                                        0.9994 0.9171
--    1003-  1081       949                                                                        0.9994 0.9192
--    1082-  1163       968                                                                        0.9995 0.9211
--    1164-  1248       745                                                                        0.9995 0.9232
--    1249-  1336      1077                                                                        0.9995 0.9249
--    1337-  1427       948                                                                        0.9996 0.9276
--    1428-  1521      1186                                                                        0.9996 0.9301
--    1522-  1618       991                                                                        0.9996 0.9334
--    1619-  1718      1134                                                                        0.9997 0.9365
--    1719-  1821       466                                                                        0.9997 0.9401
--    1822-  1927       443                                                                        0.9997 0.9416
--    1928-  2036       553                                                                        0.9997 0.9432
--    2037-  2148       563                                                                        0.9997 0.9453
--    2149-  2263       586                                                                        0.9998 0.9476
--    2264-  2381       590                                                                        0.9998 0.9500
--
--           0 (max occurrences)
--   521734286 (total mers, non-unique)
--    31967897 (distinct mers, non-unique)
--           0 (unique mers)
-- Finished stage 'meryl-process', reset canuIteration.
--
-- Removing meryl database 'unitigging/0-mercounts/canu_assmbly_durian.ms22'.
--
-- OVERLAPPER (normal) (assembly) erate=0.045
--
----------------------------------------
-- Starting command on Fri Mar 31 20:01:52 2023 with 10657.36 GB free disk space

    cd unitigging/1-overlapper
    /sw/bioinfo/canu/2.2/rackham/bin/overlapInCorePartition \
     -S  ../../canu_assmbly_durian.seqStore \
     -hl 80000000 \
     -rl 1000000000 \
     -ol 500 \
     -o  ./canu_assmbly_durian.partition \
    > ./canu_assmbly_durian.partition.err 2>&1

-- Finished on Fri Mar 31 20:01:52 2023 (like a bat out of hell) with 10657.36 GB free disk space
----------------------------------------
--
-- Configured 7 overlapInCore jobs.
-- Finished stage 'utg-overlapConfigure', reset canuIteration.
--
-- Running jobs.  First attempt out of 2.
----------------------------------------
-- Starting 'utgovl' concurrent execution on Fri Mar 31 20:01:52 2023 with 10657.36 GB free disk space (7 processes; 1 concurrently)

    cd unitigging/1-overlapper
    ./overlap.sh 1 > ./overlap.000001.out 2>&1
    ./overlap.sh 2 > ./overlap.000002.out 2>&1
    ./overlap.sh 3 > ./overlap.000003.out 2>&1
    ./overlap.sh 4 > ./overlap.000004.out 2>&1
    ./overlap.sh 5 > ./overlap.000005.out 2>&1
    ./overlap.sh 6 > ./overlap.000006.out 2>&1
    ./overlap.sh 7 > ./overlap.000007.out 2>&1

-- Finished on Fri Mar 31 20:37:41 2023 (2149 seconds) with 10747.938 GB free disk space
----------------------------------------
-- Found 7 overlapInCore output files.
--
-- overlapInCore compute 'unitigging/1-overlapper':
--   kmer hits
--     with no overlap         63996987  6.71428571 +- 5672774.396
--     with an overlap          7141099     1020157 +- 1275557.593
--
--   overlaps                   7141099     1020157 +- 1275557.593
--     contained                3216154  .571428571 +- 616612.208
--     dovetail                 3924945  .428571429 +- 659884.908
--
--   overlaps rejected
--     multiple per pair              0           0 +- 0
--     bad short window               0           0 +- 0
--     bad long window                0           0 +- 0
-- Finished stage 'utg-overlapCheck', reset canuIteration.
----------------------------------------
-- Starting command on Fri Mar 31 20:37:41 2023 with 10747.938 GB free disk space

    cd unitigging
    /sw/bioinfo/canu/2.2/rackham/bin/ovStoreConfig \
     -S ../canu_assmbly_durian.seqStore \
     -M 4 \
     -L ./1-overlapper/ovljob.files \
     -create ./canu_assmbly_durian.ovlStore.config \
     > ./canu_assmbly_durian.ovlStore.config.txt \
    2> ./canu_assmbly_durian.ovlStore.config.err

-- Finished on Fri Mar 31 20:37:41 2023 (furiously fast) with 10747.938 GB free disk space
----------------------------------------
--
-- Creating overlap store unitigging/canu_assmbly_durian.ovlStore using:
--      2 buckets
--      2 slices
--        using at most 2 GB memory each
-- Finished stage 'utg-overlapStoreConfigure', reset canuIteration.
--
-- Running jobs.  First attempt out of 2.
----------------------------------------
-- Starting 'ovB' concurrent execution on Fri Mar 31 20:37:41 2023 with 10747.938 GB free disk space (2 processes; 4 concurrently)

    cd unitigging/canu_assmbly_durian.ovlStore.BUILDING
    ./scripts/1-bucketize.sh 1 > ./logs/1-bucketize.000001.out 2>&1
    ./scripts/1-bucketize.sh 2 > ./logs/1-bucketize.000002.out 2>&1

-- Finished on Fri Mar 31 20:37:45 2023 (4 seconds) with 10747.706 GB free disk space
----------------------------------------
-- Overlap store bucketizer finished.
-- Finished stage 'utg-overlapStoreBucketizerCheck', reset canuIteration.
--
-- Running jobs.  First attempt out of 2.
----------------------------------------
-- Starting 'ovS' concurrent execution on Fri Mar 31 20:37:45 2023 with 10747.706 GB free disk space (2 processes; 4 concurrently)

    cd unitigging/canu_assmbly_durian.ovlStore.BUILDING
    ./scripts/2-sort.sh 1 > ./logs/2-sort.000001.out 2>&1
    ./scripts/2-sort.sh 2 > ./logs/2-sort.000002.out 2>&1

-- Finished on Fri Mar 31 20:37:53 2023 (8 seconds) with 10747.416 GB free disk space
----------------------------------------
-- Overlap store sorter finished.
-- Finished stage 'utg-overlapStoreSorterCheck', reset canuIteration.
----------------------------------------
-- Starting command on Fri Mar 31 20:37:53 2023 with 10747.416 GB free disk space

    cd unitigging
    /sw/bioinfo/canu/2.2/rackham/bin/ovStoreIndexer \
      -O  ./canu_assmbly_durian.ovlStore.BUILDING \
      -S ../canu_assmbly_durian.seqStore \
      -C  ./canu_assmbly_durian.ovlStore.config \
      -delete \
    > ./canu_assmbly_durian.ovlStore.BUILDING.index.err 2>&1

-- Finished on Fri Mar 31 20:37:53 2023 (like a bat out of hell) with 10747.396 GB free disk space
----------------------------------------
-- Overlap store indexer finished.
-- Checking store.
----------------------------------------
-- Starting command on Fri Mar 31 20:37:53 2023 with 10747.396 GB free disk space

    cd unitigging
    /sw/bioinfo/canu/2.2/rackham/bin/ovStoreDump \
     -S ../canu_assmbly_durian.seqStore \
     -O  ./canu_assmbly_durian.ovlStore \
     -counts \
     > ./canu_assmbly_durian.ovlStore/counts.dat 2> ./canu_assmbly_durian.ovlStore/counts.err

-- Finished on Fri Mar 31 20:37:53 2023 (lickety-split) with 10747.394 GB free disk space
----------------------------------------
--
-- Overlap store 'unitigging/canu_assmbly_durian.ovlStore' successfully constructed.
-- Found 14282198 overlaps for 81721 reads; 152131 reads have no overlaps.
--
--
-- Purged 0.126 GB in 21 overlap output files.
----------------------------------------
-- Starting command on Fri Mar 31 20:37:54 2023 with 10747.393 GB free disk space

    cd unitigging
    /sw/bioinfo/canu/2.2/rackham/bin/ovStoreStats \
     -C 18.48 \
     -S ../canu_assmbly_durian.seqStore \
     -O  ./canu_assmbly_durian.ovlStore \
     -o  ./canu_assmbly_durian.ovlStore \
     > ./canu_assmbly_durian.ovlStore.summary.err 2>&1

-- Finished on Fri Mar 31 20:37:56 2023 (2 seconds) with 10747.391 GB free disk space
----------------------------------------
--
-- Overlap store 'unitigging/canu_assmbly_durian.ovlStore' contains:
--
--   category            reads     %          read length        feature size or coverage  analysis
--   ----------------  -------  -------  ----------------------  ------------------------  --------------------
--   middle-missing         39    0.05    10054.51 +- 4418.09        670.95 +- 637.48     (bad trimming)
--   middle-hump           254    0.31     4599.58 +- 2670.96        246.98 +- 449.85     (bad trimming)
--   no-5-prime            984    1.20     6114.81 +- 3708.46        143.31 +- 360.87     (bad trimming)
--   no-3-prime            510    0.62     6990.12 +- 4056.18        139.12 +- 318.00     (bad trimming)
--   
--   low-coverage         2204    2.70     3306.30 +- 1967.99          3.83 +- 1.40       (easy to assemble, potential for lower quality consensus)
--   unique              32346   39.56     5868.86 +- 3469.23         18.75 +- 5.15       (easy to assemble, perfect, yay)
--   repeat-cont         14805   18.11     7138.78 +- 4349.99        592.98 +- 487.08     (potential for consensus errors, no impact on assembly)
--   repeat-dove            47    0.06    20083.11 +- 5333.12        400.20 +- 352.72     (hard to assemble, likely won't assemble correctly or even at all)
--   
--   span-repeat         14999   18.34     8303.24 +- 4184.96       2811.25 +- 2779.45    (read spans a large repeat, usually easy to assemble)
--   uniq-repeat-cont    13152   16.08     6713.05 +- 3608.00                             (should be uniquely placed, low potential for consensus errors, no impact on assembly)
--   uniq-repeat-dove     2090    2.56    11681.16 +- 4329.07                             (will end contigs, potential to misassemble)
--   uniq-anchor           291    0.36     8149.38 +- 3297.86       2833.95 +- 2779.79    (repeat read, with unique section, probable bad read)
-- Finished stage 'utg-createOverlapStore', reset canuIteration.
--
-- Loading read lengths.
-- Loading number of overlaps per read.
--
-- Configure RED for 16gb memory.
--                   Batches of at most (unlimited) reads.
--                                      500000000 bases.
--                   Expecting evidence of at most 536870912 bases per iteration.
--
--           Total                                               Reads                 Olaps Evidence
--    Job   Memory      Read Range         Reads        Bases   Memory        Olaps   Memory   Memory  (Memory in MB)
--   ---- -------- ------------------- --------- ------------ -------- ------------ -------- --------
--      1 16385.78         1-38767         16485    108979565 13303.69       882221    10.10  1024.00
--      2 16384.47     38768-77924         16311    108905272 13294.61      1560495    17.86  1024.00
--      3 16384.15     77925-143407        16891    108883434 13291.97      1763942    20.19  1024.00
--      4 16384.26    143408-184254        14854    108337705 13225.28      7600159    86.98  1024.00
--      5 16384.62    184255-227223        16505    108826203 13284.97      2416314    27.65  1024.00
--      6  4897.67    227224-233852         2382     14949722  1824.99        59067     0.68  1024.00
--   ---- -------- ------------------- --------- ------------ -------- ------------ -------- --------
--                                                  558881901              14282198
-- Finished stage 'readErrorDetectionConfigure', reset canuIteration.
--
-- Running jobs.  First attempt out of 2.
----------------------------------------
-- Starting 'red' concurrent execution on Fri Mar 31 20:37:58 2023 with 10747.39 GB free disk space (6 processes; 1 concurrently)

    cd unitigging/3-overlapErrorAdjustment
    ./red.sh 1 > ./red.000001.out 2>&1
    ./red.sh 2 > ./red.000002.out 2>&1
    ./red.sh 3 > ./red.000003.out 2>&1
    ./red.sh 4 > ./red.000004.out 2>&1
    ./red.sh 5 > ./red.000005.out 2>&1
    ./red.sh 6 > ./red.000006.out 2>&1

-- Finished on Fri Mar 31 20:48:40 2023 (642 seconds) with 10748.319 GB free disk space
----------------------------------------
-- Found 6 read error detection output files.
-- Finished stage 'readErrorDetectionCheck', reset canuIteration.
--
-- Loading read lengths.
-- Loading number of overlaps per read.
--
-- Configure OEA for 8gb memory.
--                   Batches of at most (unlimited) reads.
--                                      300000000 bases.
--
--           Total                                               Reads                 Olaps  Adjusts
--    Job   Memory      Read Range         Reads        Bases   Memory        Olaps   Memory   Memory  (Memory in MB)
--   ---- -------- ------------------- --------- ------------ -------- ------------ -------- --------
--      1  2816.60         1-114579        45236    300003006   295.49      3392200   103.52   369.59
--      2  3005.98    114580-233852        38192    258878895   256.05     10889998   332.34   369.59
--   ---- -------- ------------------- --------- ------------ -------- ------------ -------- --------
--                                                  558881901              14282198
-- Finished stage 'overlapErrorAdjustmentConfigure', reset canuIteration.
--
-- Running jobs.  First attempt out of 2.
----------------------------------------
-- Starting 'oea' concurrent execution on Fri Mar 31 20:48:43 2023 with 10748.3 GB free disk space (2 processes; 4 concurrently)

    cd unitigging/3-overlapErrorAdjustment
    ./oea.sh 1 > ./oea.000001.out 2>&1
    ./oea.sh 2 > ./oea.000002.out 2>&1

-- Finished on Fri Mar 31 21:01:32 2023 (769 seconds) with 10748.721 GB free disk space
----------------------------------------
-- Found 2 overlap error adjustment output files.
-- Finished stage 'overlapErrorAdjustmentCheck', reset canuIteration.
----------------------------------------
-- Starting command on Fri Mar 31 21:01:32 2023 with 10748.721 GB free disk space

    cd unitigging/3-overlapErrorAdjustment
    /sw/bioinfo/canu/2.2/rackham/bin/loadErates \
      -S ../../canu_assmbly_durian.seqStore \
      -O ../canu_assmbly_durian.ovlStore \
      -L ./oea.files \
    > ./oea.apply.err 2>&1

-- Finished on Fri Mar 31 21:01:33 2023 (one second) with 10748.694 GB free disk space
----------------------------------------
-- No report available.
-- Finished stage 'updateOverlapStore', reset canuIteration.
-- Finished stage 'unitig', reset canuIteration.
--
-- Running jobs.  First attempt out of 2.
----------------------------------------
-- Starting 'bat' concurrent execution on Fri Mar 31 21:01:33 2023 with 10748.693 GB free disk space (1 processes; 1 concurrently)

    cd unitigging/4-unitigger
    ./unitigger.sh 1 > ./unitigger.000001.out 2>&1

-- Finished on Fri Mar 31 21:01:44 2023 (11 seconds) with 10748.674 GB free disk space
----------------------------------------
-- Unitigger finished successfully.
--  
--  ERROR RATES
--  -----------
--                                                   --------threshold------
--  89059                        fraction error      fraction        percent
--  samples                              (1e-5)         error          error
--                   --------------------------      --------       --------
--  command line (-eg)                           ->   4500.00        4.5000%
--  command line (-ef)                           ->  -----.--      ---.----%
--  command line (-eM)                           ->   4500.00        4.5000%
--  mean + std.dev     334.57 +-  12 *   392.90  ->   5049.35        5.0493%
--  median + mad       229.00 +-  12 *   149.00  ->   2879.89        2.8799%  (enabled)
--  90th percentile                              ->    724.00        0.7240%
--  
--  BEST EDGE FILTERING
--  -------------------
--  At graph threshold 4.5000%, reads:
--    available to have edges:         9345
--    with at least one edge:          8971
--  
--  At max threshold 4.5000%, reads:  (not computed)
--    available to have edges:            0
--    with at least one edge:             0
--  
--  At tight threshold 2.8799%, reads with:
--    both edges below error threshold:      8726  (80.00% minReadsBest threshold = 7176)
--    one  edge  above error threshold:       235
--    both edges above error threshold:        10
--    at least one edge:                     8971
--  
--  At loose threshold 4.5000%, reads with:
--    both edges below error threshold:      8971  (80.00% minReadsBest threshold = 7176)
--    one  edge  above error threshold:         0
--    both edges above error threshold:         0
--    at least one edge:                     8971
--  
--  
--  INITIAL EDGES
--  -------- ----------------------------------------
--     67805 reads are contained
--    156887 reads have no best edges (singleton)
--      1661 reads have only one best edge (spur) 
--               1610 are mutual best
--      7499 reads have two best edges 
--                402 have one mutual best edge
--               7078 have two mutual best edges
--  
--  
--  FINAL EDGES
--  -------- ----------------------------------------
--     67805 reads are contained
--    157005 reads have no best edges (singleton)
--      1711 reads have only one best edge (spur) 
--               1683 are mutual best
--      7331 reads have two best edges 
--                273 have one mutual best edge
--               7041 have two mutual best edges
--  
--  
--  EDGE FILTERING
--  -------- ------------------------------------------
--         0 reads are ignored
--      4377 reads have a gap in overlap coverage
--        63 reads have lopsided best edges
-- Found, in version 1, after unitig construction:
--   contigs:      557 sequences, total length 24413824 bp (including 11 repeats of total length 126556 bp).
--   bubbles:      51 sequences, total length 896848 bp.
--   unassembled:  8630 sequences, total length 42546837 bp.
--
-- Contig sizes based on genome size 30mbp:
--
--            NG (bp)  LG (contigs)    sum (bp)
--         ----------  ------------  ----------
--     10      471487             5     3090286
--     20      313110            13     6001283
--     30      227918            25     9034186
--     40      136369            43    12092831
--     50       81632            72    15070403
--     60       46008           121    18040168
--     70       20871           223    21004512
--     80        7138           462    24000067
--
-- Finished stage 'unitigCheck', reset canuIteration.
----------------------------------------
-- Starting command on Fri Mar 31 21:01:44 2023 with 10748.674 GB free disk space

    cd unitigging
    /sw/bioinfo/canu/2.2/rackham/bin/utgcns \
      -S ../canu_assmbly_durian.seqStore \
      -T  ./canu_assmbly_durian.ctgStore 1 \
      -partition 0.8 1 0.1 \
    > ./canu_assmbly_durian.ctgStore/partitioning.log 2>&1

-- Finished on Fri Mar 31 21:01:52 2023 (8 seconds) with 10748.352 GB free disk space
----------------------------------------
-- Using slow alignment for consensus (iteration '0').
-- Configured 10 consensus jobs.
-- Finished stage 'consensusConfigure', reset canuIteration.
--
-- Local: cns        1.250 GB    4 CPUs x   1 job      1.250 GB   4 CPUs  (consensus)
--
--
-- Running jobs.  First attempt out of 2.
----------------------------------------
-- Starting 'cns' concurrent execution on Fri Mar 31 21:01:52 2023 with 10748.352 GB free disk space (10 processes; 1 concurrently)

    cd unitigging/5-consensus
    ./consensus.sh 1 > ./consensus.000001.out 2>&1
    ./consensus.sh 2 > ./consensus.000002.out 2>&1
    ./consensus.sh 3 > ./consensus.000003.out 2>&1
    ./consensus.sh 4 > ./consensus.000004.out 2>&1
    ./consensus.sh 5 > ./consensus.000005.out 2>&1
    ./consensus.sh 6 > ./consensus.000006.out 2>&1
    ./consensus.sh 7 > ./consensus.000007.out 2>&1
    ./consensus.sh 8 > ./consensus.000008.out 2>&1
    ./consensus.sh 9 > ./consensus.000009.out 2>&1
    ./consensus.sh 10 > ./consensus.000010.out 2>&1

-- Finished on Fri Mar 31 21:09:13 2023 (441 seconds) with 10828.353 GB free disk space
----------------------------------------
-- Using slow alignment for consensus (iteration '1').
-- Configured 10 consensus jobs.
-- All 10 consensus jobs finished successfully.
-- Finished stage 'consensusCheck', reset canuIteration.
-- Using slow alignment for consensus (iteration '0').
-- Configured 10 consensus jobs.
----------------------------------------
-- Starting command on Fri Mar 31 21:09:13 2023 with 10828.353 GB free disk space

    cd unitigging
    /sw/bioinfo/canu/2.2/rackham/bin/tgStoreLoad \
      -S ../canu_assmbly_durian.seqStore \
      -T  ./canu_assmbly_durian.ctgStore 2 \
      -L ./5-consensus/ctgcns.files \
    > ./5-consensus/ctgcns.files.ctgStoreLoad.err 2>&1

-- Finished on Fri Mar 31 21:09:29 2023 (16 seconds) with 10829.387 GB free disk space
----------------------------------------
-- Purging consensus output after loading to ctgStore.
-- Purged 10 .cns outputs.
----------------------------------------
-- Starting command on Fri Mar 31 21:09:29 2023 with 10829.387 GB free disk space

    cd unitigging
    /sw/bioinfo/canu/2.2/rackham/bin/tgStoreDump \
      -S ../canu_assmbly_durian.seqStore \
      -T ./canu_assmbly_durian.ctgStore 2 \
      -sizes -s 30000000 \
    > ./canu_assmbly_durian.ctgStore/seqDB.v002.sizes.txt

-- Finished on Fri Mar 31 21:09:44 2023 (15 seconds) with 10829.862 GB free disk space
----------------------------------------
-- Found, in version 2, after consensus generation:
--   contigs:      557 sequences, total length 24318357 bp (including 11 repeats of total length 126302 bp).
--   bubbles:      51 sequences, total length 894864 bp.
--   unassembled:  8630 sequences, total length 42546695 bp.
--
-- Contig sizes based on genome size 30mbp:
--
--            NG (bp)  LG (contigs)    sum (bp)
--         ----------  ------------  ----------
--     10      470348             5     3082238
--     20      305071            14     6289351
--     30      227322            25     9008219
--     40      136086            43    12057160
--     50       81450            72    15026153
--     60       45764           122    18032223
--     70       20125           226    21001890
--     80        6172           476    24002295
--
-- Finished stage 'consensusLoad', reset canuIteration.
----------------------------------------
-- Starting command on Fri Mar 31 21:09:44 2023 with 10829.862 GB free disk space

    cd .
    /sw/bioinfo/canu/2.2/rackham/bin/tgStoreDump \
      -S ./canu_assmbly_durian.seqStore \
      -T ./unitigging/canu_assmbly_durian.ctgStore 2 \
      -o ./canu_assmbly_durian.contigs \
      -layout \
    > ./canu_assmbly_durian.contigs.layout.err 2>&1

-- Finished on Fri Mar 31 21:09:58 2023 (14 seconds) with 10830.683 GB free disk space
----------------------------------------
----------------------------------------
-- Starting command on Fri Mar 31 21:09:58 2023 with 10830.683 GB free disk space

    cd .
    /sw/bioinfo/canu/2.2/rackham/bin/tgStoreDump \
      -S ./canu_assmbly_durian.seqStore \
      -T ./unitigging/canu_assmbly_durian.ctgStore 2 \
      -consensus -fasta \
      -unassembled \
    > ./canu_assmbly_durian.unassembled.fasta
    2> ./canu_assmbly_durian.unassembled.err

-- Finished on Fri Mar 31 21:10:13 2023 (15 seconds) with 10830.599 GB free disk space
----------------------------------------
----------------------------------------
-- Starting command on Fri Mar 31 21:10:13 2023 with 10830.599 GB free disk space

    cd .
    /sw/bioinfo/canu/2.2/rackham/bin/tgStoreDump \
      -S ./canu_assmbly_durian.seqStore \
      -T ./unitigging/canu_assmbly_durian.ctgStore 2 \
      -consensus -fasta \
      -contigs \
    > ./canu_assmbly_durian.contigs.fasta
    2> ./canu_assmbly_durian.contigs.err

-- Finished on Fri Mar 31 21:10:28 2023 (15 seconds) with 10830.401 GB free disk space
----------------------------------------
-- Finished stage 'generateOutputs', reset canuIteration.
--
-- Assembly 'canu_assmbly_durian' finished in '/domus/h1/andreber/GenAn_proj_durian/results/canu'.
--
-- Summary saved in 'canu_assmbly_durian.report'.
--
-- Sequences saved:
--   Contigs       -> 'canu_assmbly_durian.contigs.fasta'
--   Unassembled   -> 'canu_assmbly_durian.unassembled.fasta'
--
-- Read layouts saved:
--   Contigs       -> 'canu_assmbly_durian.contigs.layout'.
--
-- Bye.
